2020-01-20 10:21:37,487 [main] INFO  [c.xkcoding.log.aop.SpringBootDemoLogAopApplication] StartupInfoLogger.java:50 - Starting SpringBootDemoLogAopApplication on zhangdi0300 with PID 7328 (E:\MyGitHub-OctoberZDi-spring-boot-demo\spring-boot-demo-log-aop\target\classes started by zhangdi03 in E:\MyGitHub-OctoberZDi-spring-boot-demo)
2020-01-20 10:21:37,509 [main] INFO  [c.xkcoding.log.aop.SpringBootDemoLogAopApplication] SpringApplication.java:675 - No active profile set, falling back to default profiles: default
2020-01-20 10:21:42,667 [main] INFO  [o.s.boot.web.embedded.tomcat.TomcatWebServer] TomcatWebServer.java:90 - Tomcat initialized with port(s): 8080 (http)
2020-01-20 10:21:42,758 [main] INFO  [org.apache.catalina.core.StandardService] DirectJDKLog.java:173 - Starting service [Tomcat]
2020-01-20 10:21:42,766 [main] INFO  [org.apache.catalina.core.StandardEngine] DirectJDKLog.java:173 - Starting Servlet Engine: Apache Tomcat/9.0.12
2020-01-20 10:21:42,852 [main] INFO  [org.apache.catalina.core.AprLifecycleListener] DirectJDKLog.java:173 - The APR based Apache Tomcat Native library which allows optimal performance in production environments was not found on the java.library.path: [C:\Program Files\ojdkbuild\java-1.8.0-openjdk-1.8.0.222-2\bin;C:\WINDOWS\Sun\Java\bin;C:\WINDOWS\system32;C:\WINDOWS;C:\Program Files (x86)\NetSarang\Xftp 6\;C:\ShenTong/dbstudio;C:\ShenTong/bin;C:\Program Files (x86)\Common Files\NetSarang;C:\WINDOWS\system32;C:\WINDOWS;C:\WINDOWS\System32\Wbem;C:\WINDOWS\System32\WindowsPowerShell\v1.0\;C:\Windows\CCM;C:\Program Files\Java\jdk1.6.0_45\bin;C:\Program Files\Java\jre6\bin;C:\Users\zhangdi03\AppData\Local\Microsoft\WindowsApps;C:\Users\zhangdi03\AppData\Local\Programs\Microsoft VS Code\bin;C:\WINDOWS\system32;C:\WINDOWS;C:\WINDOWS\System32\Wbem;C:\WINDOWS\System32\WindowsPowerShell\v1.0\;C:\WINDOWS\System32\OpenSSH\;C:\Program Files\ojdkbuild\java-1.8.0-openjdk-1.8.0.222-2\bin;C:\Program Files\ojdkbuild\java-1.8.0-openjdk-1.8.0.222-2\jre\bin;C:\Program Files\apache-maven-3.6.1-bin\apache-maven-3.6.1\bin;C:\Program Files\Git\cmd;C:\Program Files\TortoiseSVN\bin;C:\Program Files\Intel\WiFi\bin\;C:\Program Files\Common Files\Intel\WirelessCommon\;C:\Users\zhangdi03\AppData\Local\Microsoft\WindowsApps;C:\Users\zhangdi03\AppData\Local\Programs\Microsoft VS Code\bin;C:\Users\zhangdi03\AppData\Local\GitHubDesktop\bin;C:\Users\zhangdi03\AppData\Local\Programs\Fiddler;;C:\Program Files\JetBrains\IntelliJ IDEA 2019.3.1\bin;;.]
2020-01-20 10:21:44,382 [main] INFO  [o.a.c.c.ContainerBase.[Tomcat].[localhost].[/demo]] DirectJDKLog.java:173 - Initializing Spring embedded WebApplicationContext
2020-01-20 10:21:44,392 [main] INFO  [org.springframework.web.context.ContextLoader] ServletWebServerApplicationContext.java:285 - Root WebApplicationContext: initialization completed in 6751 ms
2020-01-20 10:21:45,021 [main] INFO  [o.s.boot.web.servlet.ServletRegistrationBean] ServletRegistrationBean.java:186 - Servlet dispatcherServlet mapped to [/]
2020-01-20 10:21:45,069 [main] INFO  [o.s.boot.web.servlet.FilterRegistrationBean] AbstractFilterRegistrationBean.java:248 - Mapping filter: 'characterEncodingFilter' to: [/*]
2020-01-20 10:21:45,103 [main] INFO  [o.s.boot.web.servlet.FilterRegistrationBean] AbstractFilterRegistrationBean.java:248 - Mapping filter: 'hiddenHttpMethodFilter' to: [/*]
2020-01-20 10:21:45,104 [main] INFO  [o.s.boot.web.servlet.FilterRegistrationBean] AbstractFilterRegistrationBean.java:248 - Mapping filter: 'formContentFilter' to: [/*]
2020-01-20 10:21:45,128 [main] INFO  [o.s.boot.web.servlet.FilterRegistrationBean] AbstractFilterRegistrationBean.java:248 - Mapping filter: 'requestContextFilter' to: [/*]
2020-01-20 10:21:48,720 [main] INFO  [o.s.scheduling.concurrent.ThreadPoolTaskExecutor] ExecutorConfigurationSupport.java:171 - Initializing ExecutorService 'applicationTaskExecutor'
2020-01-20 10:21:50,677 [main] INFO  [o.s.boot.web.embedded.tomcat.TomcatWebServer] TomcatWebServer.java:204 - Tomcat started on port(s): 8080 (http) with context path '/demo'
2020-01-20 10:21:50,701 [main] INFO  [c.xkcoding.log.aop.SpringBootDemoLogAopApplication] StartupInfoLogger.java:59 - Started SpringBootDemoLogAopApplication in 16.902 seconds (JVM running for 23.422)
2020-01-20 10:22:43,147 [http-nio-8080-exec-1] INFO  [o.a.c.c.ContainerBase.[Tomcat].[localhost].[/demo]] DirectJDKLog.java:173 - Initializing Spring DispatcherServlet 'dispatcherServlet'
2020-01-20 10:22:43,149 [http-nio-8080-exec-1] INFO  [org.springframework.web.servlet.DispatcherServlet] FrameworkServlet.java:521 - Initializing Servlet 'dispatcherServlet'
2020-01-20 10:22:43,189 [http-nio-8080-exec-1] INFO  [org.springframework.web.servlet.DispatcherServlet] FrameworkServlet.java:543 - Completed initialization in 38 ms
2020-01-20 10:22:43,309 [http-nio-8080-exec-1] INFO  [com.xkcoding.log.aop.aspectj.AopLog] AopLog.java:55 - 【请求 URL】：http://localhost:8080/demo/test
2020-01-20 10:22:43,310 [http-nio-8080-exec-1] INFO  [com.xkcoding.log.aop.aspectj.AopLog] AopLog.java:56 - 【请求 IP】：127.0.0.1
2020-01-20 10:22:43,316 [http-nio-8080-exec-1] INFO  [com.xkcoding.log.aop.aspectj.AopLog] AopLog.java:57 - 【请求类名】：com.xkcoding.log.aop.controller.TestController，【请求方法名】：test
2020-01-20 10:22:43,345 [http-nio-8080-exec-1] INFO  [com.xkcoding.log.aop.aspectj.AopLog] AopLog.java:60 - 【请求参数】：{}，
2020-01-20 10:22:43,404 [http-nio-8080-exec-1] INFO  [com.xkcoding.log.aop.aspectj.AopLog] AopLog.java:75 - 【返回值】：{"who":"me"}
2020-01-20 10:22:43,406 [http-nio-8080-exec-1] INFO  [com.xkcoding.log.aop.aspectj.AopLog] AopLog.java:89 - 【请求耗时】：60毫秒
2020-01-20 10:22:43,440 [http-nio-8080-exec-1] INFO  [com.xkcoding.log.aop.aspectj.AopLog] AopLog.java:93 - 【浏览器类型】：DOWNLOAD，【操作系统】：UNKNOWN，【原始User-Agent】：Apache-HttpClient/4.5.10 (Java/11.0.5)
